fx678/proguard/seeds.txt
joey.present.view.DetailTab
joey.present.view.DetailTab: DetailTab()
joey.present.view.FenbiView
joey.present.view.FenbiView: FenbiView()
joey.present.view.FenbiView$3: void onClick(android.view.View)
joey.present.view.FenbiView$4: void onClick(android.view.View)
joey.present.view.FenbiView$6: void onClick(android.content.DialogInterface,int)
joey.present.view.FenbiView$7: void onClick(android.content.DialogInterface,int)
joey.present.view.FenbiView2
joey.present.view.FenbiView2: FenbiView2()
joey.present.view.FenbiView2$3: void onClick(android.view.View)
joey.present.view.FenbiView2$4: void onClick(android.view.View)
joey.present.view.FenbiView2$6: void onClick(android.content.DialogInterface,int)
joey.present.view.FenbiView2$7: void onClick(android.content.DialogInterface,int)
joey.present.view.InforDetailView
joey.present.view.InforDetailView: InforDetailView()
joey.present.view.InforDetailView$2: void onClick(android.view.View)
joey.present.view.InforDetailView$3: void onClick(android.view.View)
joey.present.view.InforDetailView$4: void onClick(android.content.DialogInterface,int)
joey.present.view.KLineView
joey.present.view.KLineView: KLineView()
joey.present.view.KLineView$10: void onClick(android.view.View)
joey.present.view.KLineView$11: void onClick(android.view.View)
joey.present.view.KLineView$12: void onClick(android.view.View)
joey.present.view.KLineView$13: void onClick(android.view.View)
joey.present.view.KLineView$14: void onClick(android.view.View)
joey.present.view.KLineView$15: void onClick(android.view.View)
joey.present.view.KLineView$15$1: void onClick(android.content.DialogInterface,int)
joey.present.view.KLineView$16: void onClick(android.content.DialogInterface,int)
joey.present.view.KLineView$17: void onClick(android.content.DialogInterface,int)
joey.present.view.KLineView$3: void onClick(android.view.View)
joey.present.view.KLineView$4: void onClick(android.view.View)
joey.present.view.KLineView$5: void onClick(android.view.View)
joey.present.view.KLineView$6: void onClick(android.view.View)
joey.present.view.KLineView$7: void onClick(android.view.View)
joey.present.view.KLineView$8: void onClick(android.view.View)
joey.present.view.KLineView$9: void onClick(android.view.View)
joey.present.view.LoginView
joey.present.view.LoginView: LoginView()
joey.present.view.LogoView
joey.present.view.LogoView: LogoView()
joey.present.view.MainTab
joey.present.view.MainTab: MainTab()
joey.present.view.MainView
joey.present.view.MainView: MainView()
joey.present.view.MainView$1: void onClick(android.view.View)
joey.present.view.MainView2
joey.present.view.MainView2: MainView2()
joey.present.view.MainView2: void onClick(android.view.View)
joey.present.view.MainView2$1: void onClick(android.content.DialogInterface,int)
joey.present.view.MainView2$2: void onClick(android.content.DialogInterface,int)
joey.present.view.MainView2$3: void onClick(android.content.DialogInterface,int)
joey.present.view.MainView2$4: void onClick(android.content.DialogInterface,int)
joey.present.view.MainView2$5: void onClick(android.content.DialogInterface,int)
joey.present.view.MainView2$MyTask$1: void onClick(android.content.DialogInterface,int)
joey.present.view.MainView2$MyTask$2: void onClick(android.content.DialogInterface,int)
joey.present.view.MainView2$MyTask$3: void onClick(android.content.DialogInterface,int)
joey.present.view.MyViewGroup
joey.present.view.MyViewGroup: MyViewGroup(android.content.Context)
joey.present.view.MyViewGroup: MyViewGroup(android.content.Context,android.util.AttributeSet)
joey.present.view.MyViewGroup: MyViewGroup(android.content.Context,android.util.AttributeSet,int)
joey.present.view.NewsOnTopService
joey.present.view.NewsView
joey.present.view.NewsView: NewsView()
joey.present.view.NewsView$10: void onClick(android.view.View)
joey.present.view.NewsView$11: void onClick(android.view.View)