fx678/proguard/mapping.txt
joey.present.view.tradingstrategyNewView$Myadapter -> joey.present.view.ho:
    joey.present.view.tradingstrategyNewView main -> b
    java.util.List list -> c
    joey.present.view.tradingstrategyNewView this$0 -> a
    android.view.View getView(int,android.view.View,android.view.ViewGroup) -> getView
    int getCount() -> getCount
    java.lang.Object getItem(int) -> getItem
    long getItemId(int) -> getItemId
joey.present.view.tradingstrategyNewView$ProgressThread -> joey.present.view.hp:
    android.os.Handler mHandler -> a
    int mState -> b
    joey.present.view.tradingstrategyNewView this$0 -> c
    void run() -> run
    void setState(int) -> a
joey.present.view.ui.AnimationTabHost -> joey.present.view.ui.AnimationTabHost:
    android.view.animation.Animation slideLeftIn -> a
    android.view.animation.Animation slideLeftOut -> b
    android.view.animation.Animation slideRightIn -> c
    android.view.animation.Animation slideRightOut -> d
    boolean isOpenAnimation -> e
    int mTabCount -> f
    void setOpenAnimation$1385ff() -> a
    void addTab(android.widget.TabHost$TabSpec) -> addTab
    void setCurrentTab(int) -> setCurrentTab
joey.present.view.ui.AsyncImageLoader -> joey.present.view.ui.a:
    java.util.HashMap imageCache -> a
    android.graphics.drawable.Drawable loadDrawable(java.lang.String,joey.present.view.ui.AsyncImageLoader$ImageCallback) -> a
    android.graphics.drawable.Drawable loadImageFromUrl(java.lang.String) -> a
    java.util.HashMap access$0(joey.present.view.ui.AsyncImageLoader) -> a
joey.present.view.ui.AsyncImageLoader$1 -> joey.present.view.ui.b:
    joey.present.view.ui.AsyncImageLoader this$0 -> a
    joey.present.view.ui.AsyncImageLoader$ImageCallback val$imageCallback -> b
    java.lang.String val$imageUrl -> c
    void handleMessage(android.os.Message) -> handleMessage
joey.present.view.ui.AsyncImageLoader$2 -> joey.present.view.ui.c:
    joey.present.view.ui.AsyncImageLoader this$0 -> a
    java.lang.String val$imageUrl -> b
    android.os.Handler val$handler -> c
    void run() -> run
joey.present.view.ui.AsyncImageLoader$ImageCallback -> joey.present.view.ui.d:
    void imageLoaded(android.graphics.drawable.Drawable,java.lang.String) -> a
joey.present.view.ui.ImageAndText -> joey.present.view.ui.e:
    java.lang.String imageUrl -> a
    java.lang.String text -> b
    java.lang.String getImageUrl() -> a
    java.lang.String getText() -> b
joey.present.view.ui.ImageAndTextListAdapter -> joey.present.view.ui.f:
    android.widget.ListView listView -> a
    joey.present.view.ui.AsyncImageLoader asyncImageLoader -> b
    android.view.View getView(int,android.view.View,android.view.ViewGroup) -> getView
    android.widget.ListView access$0(joey.present.view.ui.ImageAndTextListAdapter) -> a
joey.present.view.ui.ImageAndTextListAdapter$1 -> joey.present.view.ui.g:
    joey.present.view.ui.ImageAndTextListAdapter this$0 -> a
    void imageLoaded(android.graphics.drawable.Drawable,java.lang.String) -> a