fx678/proguard/usage.txt
android.support.v4.accessibilityservice.AccessibilityServiceInfoCompat
android.support.v4.accessibilityservice.AccessibilityServiceInfoCompat$AccessibilityServiceInfoIcsImpl
android.support.v4.accessibilityservice.AccessibilityServiceInfoCompat$AccessibilityServiceInfoStubImpl
android.support.v4.accessibilityservice.AccessibilityServiceInfoCompat$AccessibilityServiceInfoVersionImpl
android.support.v4.accessibilityservice.AccessibilityServiceInfoCompatIcs
android.support.v4.app.ActivityCompat
android.support.v4.app.ActivityCompatHoneycomb:
    27:27:ActivityCompatHoneycomb()
    34:35:static void dump(android.app.Activity,java.lang.String,java.io.FileDescriptor,java.io.PrintWriter,java.lang.String[])
android.support.v4.app.BackStackRecord:
    static final java.lang.String TAG
    static final int OP_NULL
    static final int OP_ADD
    static final int OP_REPLACE
    static final int OP_REMOVE
    static final int OP_HIDE
    static final int OP_SHOW
    static final int OP_DETACH
    static final int OP_ATTACH
    338:338:public int getId()
    342:342:public int getBreadCrumbTitleRes()
    346:346:public int getBreadCrumbShortTitleRes()
    350:353:public java.lang.CharSequence getBreadCrumbTitle()
    357:360:public java.lang.CharSequence getBreadCrumbShortTitle()
    379:380:public android.support.v4.app.FragmentTransaction add(android.support.v4.app.Fragment,java.lang.String)
    384:385:public android.support.v4.app.FragmentTransaction add(int,android.support.v4.app.Fragment)
    421:421:public android.support.v4.app.FragmentTransaction replace(int,android.support.v4.app.Fragment)
    425:430:public android.support.v4.app.FragmentTransaction replace(int,android.support.v4.app.Fragment,java.lang.String)
    434:439:public android.support.v4.app.FragmentTransaction remove(android.support.v4.app.Fragment)
    443:448:public android.support.v4.app.FragmentTransaction hide(android.support.v4.app.Fragment)
    452:457:public android.support.v4.app.FragmentTransaction show(android.support.v4.app.Fragment)
    479:479:public android.support.v4.app.FragmentTransaction setCustomAnimations(int,int)
android.support.v4.app.DialogFragment
android.support.v4.app.Fragment:
    static final int INITIALIZING
    static final int CREATED
    static final int ACTIVITY_CREATED
    static final int STOPPED
    static final int STARTED
    static final int RESUMED
    481:481:public final int getId()
    488:488:public final java.lang.String getTag()
    499:503:public void setArguments(android.os.Bundle)
    510:510:public final android.os.Bundle getArguments()
    522:527:public void setInitialSavedState(android.support.v4.app.Fragment$SavedState)
    541:543:public void setTargetFragment(android.support.v4.app.Fragment,int)
    549:549:public final android.support.v4.app.Fragment getTargetFragment()
    556:556:public final int getTargetRequestCode()
    583:583:public final java.lang.CharSequence getText(int)
    593:593:public final java.lang.String getString(int)
    606:606:public final varargs java.lang.String getString(int,java.lang.Object[])
    620:620:public final android.support.v4.app.FragmentManager getFragmentManager()
    628:640:public final android.support.v4.app.FragmentManager getChildFragmentManager()
    648:648:public final android.support.v4.app.Fragment getParentFragment()
    655:655:public final boolean isAdded()
    673:673:public final boolean isRemoving()
    684:684:public final boolean isInLayout()
    692:692:public final boolean isResumed()
    701:701:public final boolean isVisible()
    713:713:public final boolean isHidden()
android.support.v4.app.Fragment$SavedState:
    301:303:Fragment$SavedState(android.os.Bundle)